Apache Maven 3.0.4 (r1232337; 2012-01-17 08:44:56+0000)
Maven home: /home/ian/dev/java/maven
Java version: 1.7.0_09, vendor: Oracle Corporation
Java home: /usr/lib/jvm/java-7-openjdk-amd64/jre
Default locale: en_GB, platform encoding: UTF-8
OS name: "linux", version: "3.2.0-36-generic", arch: "amd64", family: "unix"
[INFO] Error stacktraces are turned on.
[DEBUG] Reading global settings from /home/ian/dev/java/maven/conf/settings.xml
[DEBUG] Reading user settings from /tmp/invoker-settings2711112743120159481.xml
[DEBUG] Using local repository at /home/ian/workspace/schemagen-maven/target/it-repo
[DEBUG] Using manager EnhancedLocalRepositoryManager with priority 10 for /home/ian/workspace/schemagen-maven/target/it-repo
[INFO] Scanning for projects...
[DEBUG] Extension realms for project org.openjena.tools:schemagen-test:jar:0.2-SNAPSHOT: (none)
[DEBUG] Looking up lifecyle mappings for packaging jar from ClassRealm[plexus.core, parent: null]
[DEBUG] === REACTOR BUILD PLAN ================================================
[DEBUG] Project: org.openjena.tools:schemagen-test:jar:0.2-SNAPSHOT
[DEBUG] Tasks:   [package]
[DEBUG] Style:   Regular
[DEBUG] =======================================================================
[INFO]                                                                         
[INFO] ------------------------------------------------------------------------
[INFO] Building schemagen-test 0.2-SNAPSHOT
[INFO] ------------------------------------------------------------------------
[DEBUG] Lifecycle default -> [validate, initialize, generate-sources, process-sources, generate-resources, process-resources, compile, process-classes, generate-test-sources, process-test-sources, generate-test-resources, process-test-resources, test-compile, process-test-classes, test, prepare-package, package, pre-integration-test, integration-test, post-integration-test, verify, install, deploy]
[DEBUG] Lifecycle clean -> [pre-clean, clean, post-clean]
[DEBUG] Lifecycle site -> [pre-site, site, post-site, site-deploy]
[DEBUG] Lifecycle default -> [validate, initialize, generate-sources, process-sources, generate-resources, process-resources, compile, process-classes, generate-test-sources, process-test-sources, generate-test-resources, process-test-resources, test-compile, process-test-classes, test, prepare-package, package, pre-integration-test, integration-test, post-integration-test, verify, install, deploy]
[DEBUG] Lifecycle clean -> [pre-clean, clean, post-clean]
[DEBUG] Lifecycle site -> [pre-site, site, post-site, site-deploy]
[DEBUG] Lifecycle default -> [validate, initialize, generate-sources, process-sources, generate-resources, process-resources, compile, process-classes, generate-test-sources, process-test-sources, generate-test-resources, process-test-resources, test-compile, process-test-classes, test, prepare-package, package, pre-integration-test, integration-test, post-integration-test, verify, install, deploy]
[DEBUG] Lifecycle clean -> [pre-clean, clean, post-clean]
[DEBUG] Lifecycle site -> [pre-site, site, post-site, site-deploy]
[DEBUG] Lifecycle default -> [validate, initialize, generate-sources, process-sources, generate-resources, process-resources, compile, process-classes, generate-test-sources, process-test-sources, generate-test-resources, process-test-resources, test-compile, process-test-classes, test, prepare-package, package, pre-integration-test, integration-test, post-integration-test, verify, install, deploy]
[DEBUG] Lifecycle clean -> [pre-clean, clean, post-clean]
[DEBUG] Lifecycle site -> [pre-site, site, post-site, site-deploy]
[DEBUG] Lifecycle default -> [validate, initialize, generate-sources, process-sources, generate-resources, process-resources, compile, process-classes, generate-test-sources, process-test-sources, generate-test-resources, process-test-resources, test-compile, process-test-classes, test, prepare-package, package, pre-integration-test, integration-test, post-integration-test, verify, install, deploy]
[DEBUG] Lifecycle clean -> [pre-clean, clean, post-clean]
[DEBUG] Lifecycle site -> [pre-site, site, post-site, site-deploy]
[DEBUG] Lifecycle default -> [validate, initialize, generate-sources, process-sources, generate-resources, process-resources, compile, process-classes, generate-test-sources, process-test-sources, generate-test-resources, process-test-resources, test-compile, process-test-classes, test, prepare-package, package, pre-integration-test, integration-test, post-integration-test, verify, install, deploy]
[DEBUG] Lifecycle clean -> [pre-clean, clean, post-clean]
[DEBUG] Lifecycle site -> [pre-site, site, post-site, site-deploy]
[DEBUG] Lifecycle default -> [validate, initialize, generate-sources, process-sources, generate-resources, process-resources, compile, process-classes, generate-test-sources, process-test-sources, generate-test-resources, process-test-resources, test-compile, process-test-classes, test, prepare-package, package, pre-integration-test, integration-test, post-integration-test, verify, install, deploy]
[DEBUG] Lifecycle clean -> [pre-clean, clean, post-clean]
[DEBUG] Lifecycle site -> [pre-site, site, post-site, site-deploy]
[DEBUG] Lifecycle default -> [validate, initialize, generate-sources, process-sources, generate-resources, process-resources, compile, process-classes, generate-test-sources, process-test-sources, generate-test-resources, process-test-resources, test-compile, process-test-classes, test, prepare-package, package, pre-integration-test, integration-test, post-integration-test, verify, install, deploy]
[DEBUG] Lifecycle clean -> [pre-clean, clean, post-clean]
[DEBUG] Lifecycle site -> [pre-site, site, post-site, site-deploy]
[DEBUG] === PROJECT BUILD PLAN ================================================
[DEBUG] Project:       org.openjena.tools:schemagen-test:0.2-SNAPSHOT
[DEBUG] Dependencies (collect): []
[DEBUG] Dependencies (resolve): [compile, runtime, test]
[DEBUG] Repositories (dependencies): [central (http://repo.maven.apache.org/maven2, releases)]
[DEBUG] Repositories (plugins)     : [central (http://repo.maven.apache.org/maven2, releases)]
[DEBUG] -----------------------------------------------------------------------
[DEBUG] Goal:          org.openjena.tools:schemagen:0.2-SNAPSHOT:translate (schemagen)
[DEBUG] Style:         Regular
[DEBUG] Configuration: <?xml version="1.0" encoding="UTF-8"?>
<configuration>
  <baseDir>${basedir}</baseDir>
  <fileOptions>
    <source>
      <input>default</input>
      <package-name>org.example.test</package-name>
    </source>
    <source>
      <input>src/main/vocabs/test2.ttl</input>
      <ontology>true</ontology>
    </source>
  </fileOptions>
  <includes>
    <include>src/main/vocabs/*.ttl</include>
  </includes>
  <projectBuildDir>${project.build.directory}</projectBuildDir>
</configuration>
[DEBUG] -----------------------------------------------------------------------
[DEBUG] Goal:          org.apache.maven.plugins:maven-resources-plugin:2.5:resources (default-resources)
[DEBUG] Style:         Regular
[DEBUG] Configuration: <?xml version="1.0" encoding="UTF-8"?>
<configuration>
  <buildFilters default-value="${project.build.filters}"/>
  <encoding default-value="${project.build.sourceEncoding}">${encoding}</encoding>
  <escapeString>${maven.resources.escapeString}</escapeString>
  <escapeWindowsPaths default-value="true">${maven.resources.escapeWindowsPaths}</escapeWindowsPaths>
  <includeEmptyDirs default-value="false">${maven.resources.includeEmptyDirs}</includeEmptyDirs>
  <outputDirectory default-value="${project.build.outputDirectory}"/>
  <overwrite default-value="false">${maven.resources.overwrite}</overwrite>
  <project default-value="${project}"/>
  <resources default-value="${project.resources}"/>
  <session default-value="${session}"/>
  <supportMultiLineFiltering default-value="false">${maven.resources.supportMultiLineFiltering}</supportMultiLineFiltering>
  <useBuildFilters default-value="true"/>
  <useDefaultDelimiters default-value="true"/>
</configuration>
[DEBUG] -----------------------------------------------------------------------
[DEBUG] Goal:          org.apache.maven.plugins:maven-compiler-plugin:2.3.2:compile (default-compile)
[DEBUG] Style:         Regular
[DEBUG] Configuration: <?xml version="1.0" encoding="UTF-8"?>
<configuration>
  <basedir default-value="${basedir}"/>
  <buildDirectory default-value="${project.build.directory}"/>
  <classpathElements default-value="${project.compileClasspathElements}"/>
  <compileSourceRoots default-value="${project.compileSourceRoots}"/>
  <compilerId default-value="javac">${maven.compiler.compilerId}</compilerId>
  <compilerVersion>${maven.compiler.compilerVersion}</compilerVersion>
  <debug default-value="true">${maven.compiler.debug}</debug>
  <debuglevel>${maven.compiler.debuglevel}</debuglevel>
  <encoding default-value="${project.build.sourceEncoding}">${encoding}</encoding>
  <executable>${maven.compiler.executable}</executable>
  <failOnError default-value="true">${maven.compiler.failOnError}</failOnError>
  <fork default-value="false">${maven.compiler.fork}</fork>
  <generatedSourcesDirectory default-value="${project.build.directory}/generated-sources/annotations"/>
  <maxmem>${maven.compiler.maxmem}</maxmem>
  <meminitial>${maven.compiler.meminitial}</meminitial>
  <optimize default-value="false">${maven.compiler.optimize}</optimize>
  <outputDirectory default-value="${project.build.outputDirectory}"/>
  <outputFileName>${project.build.finalName}</outputFileName>
  <projectArtifact default-value="${project.artifact}"/>
  <session default-value="${session}"/>
  <showDeprecation default-value="false">${maven.compiler.showDeprecation}</showDeprecation>
  <showWarnings default-value="false">${maven.compiler.showWarnings}</showWarnings>
  <source default-value="1.5">${maven.compiler.source}</source>
  <staleMillis default-value="0">${lastModGranularityMs}</staleMillis>
  <target default-value="1.5">${maven.compiler.target}</target>
  <verbose default-value="false">${maven.compiler.verbose}</verbose>
</configuration>
[DEBUG] -----------------------------------------------------------------------
[DEBUG] Goal:          org.apache.maven.plugins:maven-resources-plugin:2.5:testResources (default-testResources)
[DEBUG] Style:         Regular
[DEBUG] Configuration: <?xml version="1.0" encoding="UTF-8"?>
<configuration>
  <buildFilters default-value="${project.build.filters}"/>
  <encoding default-value="${project.build.sourceEncoding}">${encoding}</encoding>
  <escapeString>${maven.resources.escapeString}</escapeString>
  <escapeWindowsPaths default-value="true">${maven.resources.escapeWindowsPaths}</escapeWindowsPaths>
  <includeEmptyDirs default-value="false">${maven.resources.includeEmptyDirs}</includeEmptyDirs>
  <outputDirectory>${project.build.testOutputDirectory}</outputDirectory>
  <overwrite default-value="false">${maven.resources.overwrite}</overwrite>
  <project default-value="${project}"/>
  <resources>${project.testResources}</resources>
  <session default-value="${session}"/>
  <supportMultiLineFiltering default-value="false">${maven.resources.supportMultiLineFiltering}</supportMultiLineFiltering>
  <useBuildFilters default-value="true"/>
  <useDefaultDelimiters default-value="true"/>
</configuration>
[DEBUG] -----------------------------------------------------------------------
[DEBUG] Goal:          org.apache.maven.plugins:maven-compiler-plugin:2.3.2:testCompile (default-testCompile)
[DEBUG] Style:         Regular
[DEBUG] Configuration: <?xml version="1.0" encoding="UTF-8"?>
<configuration>
  <basedir default-value="${basedir}"/>
  <buildDirectory default-value="${project.build.directory}"/>
  <classpathElements default-value="${project.testClasspathElements}"/>
  <compileSourceRoots default-value="${project.testCompileSourceRoots}"/>
  <compilerId default-value="javac">${maven.compiler.compilerId}</compilerId>
  <compilerVersion>${maven.compiler.compilerVersion}</compilerVersion>
  <debug default-value="true">${maven.compiler.debug}</debug>
  <debuglevel>${maven.compiler.debuglevel}</debuglevel>
  <encoding default-value="${project.build.sourceEncoding}">${encoding}</encoding>
  <executable>${maven.compiler.executable}</executable>
  <failOnError default-value="true">${maven.compiler.failOnError}</failOnError>
  <fork default-value="false">${maven.compiler.fork}</fork>
  <generatedTestSourcesDirectory default-value="${project.build.directory}/generated-sources/test-annotations"/>
  <maxmem>${maven.compiler.maxmem}</maxmem>
  <meminitial>${maven.compiler.meminitial}</meminitial>
  <optimize default-value="false">${maven.compiler.optimize}</optimize>
  <outputDirectory default-value="${project.build.testOutputDirectory}"/>
  <outputFileName>${project.build.finalName}</outputFileName>
  <session default-value="${session}"/>
  <showDeprecation default-value="false">${maven.compiler.showDeprecation}</showDeprecation>
  <showWarnings default-value="false">${maven.compiler.showWarnings}</showWarnings>
  <skip>${maven.test.skip}</skip>
  <source default-value="1.5">${maven.compiler.source}</source>
  <staleMillis default-value="0">${lastModGranularityMs}</staleMillis>
  <target default-value="1.5">${maven.compiler.target}</target>
  <testSource>${maven.compiler.testSource}</testSource>
  <testTarget>${maven.compiler.testTarget}</testTarget>
  <verbose default-value="false">${maven.compiler.verbose}</verbose>
</configuration>
[DEBUG] -----------------------------------------------------------------------
[DEBUG] Goal:          org.apache.maven.plugins:maven-surefire-plugin:2.10:test (default-test)
[DEBUG] Style:         Regular
[DEBUG] Configuration: <?xml version="1.0" encoding="UTF-8"?>
<configuration>
  <argLine>${argLine}</argLine>
  <basedir default-value="${basedir}"/>
  <childDelegation default-value="false">${childDelegation}</childDelegation>
  <classesDirectory default-value="${project.build.outputDirectory}"/>
  <debugForkedProcess>${maven.surefire.debug}</debugForkedProcess>
  <disableXmlReport default-value="false">${disableXmlReport}</disableXmlReport>
  <enableAssertions default-value="true">${enableAssertions}</enableAssertions>
  <excludedGroups>${excludedGroups}</excludedGroups>
  <failIfNoTests>${failIfNoTests}</failIfNoTests>
  <forkMode default-value="once">${forkMode}</forkMode>
  <forkedProcessTimeoutInSeconds>${surefire.timeout}</forkedProcessTimeoutInSeconds>
  <groups>${groups}</groups>
  <junitArtifactName default-value="junit:junit">${junitArtifactName}</junitArtifactName>
  <jvm>${jvm}</jvm>
  <localRepository>${localRepository}</localRepository>
  <objectFactory>${objectFactory}</objectFactory>
  <parallel>${parallel}</parallel>
  <parallelMavenExecution default-value="${session.parallel}"/>
  <perCoreThreadCount default-value="true">${perCoreThreadCount}</perCoreThreadCount>
  <pluginArtifactMap>${plugin.artifactMap}</pluginArtifactMap>
  <printSummary default-value="true">${surefire.printSummary}</printSummary>
  <project default-value="${project}"/>
  <projectArtifactMap>${project.artifactMap}</projectArtifactMap>
  <redirectTestOutputToFile default-value="false">${maven.test.redirectTestOutputToFile}</redirectTestOutputToFile>
  <remoteRepositories>${project.pluginArtifactRepositories}</remoteRepositories>
  <reportFormat default-value="brief">${surefire.reportFormat}</reportFormat>
  <reportNameSuffix default-value="">${surefire.reportNameSuffix}</reportNameSuffix>
  <reportsDirectory default-value="${project.build.directory}/surefire-reports"/>
  <runOrder default-value="filesystem"/>
  <session>${session}</session>
  <skip default-value="false">${maven.test.skip}</skip>
  <skipExec>${maven.test.skip.exec}</skipExec>
  <skipTests default-value="false">${skipTests}</skipTests>
  <test>${test}</test>
  <testClassesDirectory default-value="${project.build.testOutputDirectory}"/>
  <testFailureIgnore default-value="false">${maven.test.failure.ignore}</testFailureIgnore>
  <testNGArtifactName default-value="org.testng:testng">${testNGArtifactName}</testNGArtifactName>
  <testSourceDirectory default-value="${project.build.testSourceDirectory}"/>
  <threadCount>${threadCount}</threadCount>
  <trimStackTrace default-value="true">${trimStackTrace}</trimStackTrace>
  <useFile default-value="true">${surefire.useFile}</useFile>
  <useManifestOnlyJar default-value="true">${surefire.useManifestOnlyJar}</useManifestOnlyJar>
  <useSystemClassLoader default-value="true">${surefire.useSystemClassLoader}</useSystemClassLoader>
  <useUnlimitedThreads default-value="false">${useUnlimitedThreads}</useUnlimitedThreads>
  <workingDirectory>${basedir}</workingDirectory>
</configuration>
[DEBUG] -----------------------------------------------------------------------
[DEBUG] Goal:          org.apache.maven.plugins:maven-jar-plugin:2.3.2:jar (default-jar)
[DEBUG] Style:         Regular
[DEBUG] Configuration: <?xml version="1.0" encoding="UTF-8"?>
<configuration>
  <classesDirectory default-value="${project.build.outputDirectory}"/>
  <defaultManifestFile default-value="${project.build.outputDirectory}/META-INF/MANIFEST.MF"/>
  <finalName default-value="${project.build.finalName}">${jar.finalName}</finalName>
  <forceCreation default-value="false">${jar.forceCreation}</forceCreation>
  <outputDirectory default-value="${project.build.directory}"/>
  <project default-value="${project}"/>
  <useDefaultManifestFile default-value="false">${jar.useDefaultManifestFile}</useDefaultManifestFile>
</configuration>
[DEBUG] =======================================================================
[DEBUG] org.openjena.tools:schemagen-test:jar:0.2-SNAPSHOT
[DEBUG]    org.apache.jena:jena-core:jar:2.7.3:compile
[DEBUG]       org.apache.jena:jena-iri:jar:0.9.3:compile
[DEBUG]       xerces:xercesImpl:jar:2.10.0:compile
[DEBUG]          xml-apis:xml-apis:jar:1.4.01:compile
[DEBUG]       org.slf4j:slf4j-api:jar:1.6.4:compile
[DEBUG]       org.slf4j:slf4j-log4j12:jar:1.6.4:compile
[DEBUG]       log4j:log4j:jar:1.2.16:compile
[INFO] 
[INFO] --- schemagen:0.2-SNAPSHOT:translate (schemagen) @ schemagen-test ---
[DEBUG] Created new class realm maven.api
[DEBUG] Importing foreign packages into class realm maven.api
[DEBUG]   Imported: org.apache.maven.wagon.events < plexus.core
[DEBUG]   Imported: org.sonatype.aether.transfer < plexus.core
[DEBUG]   Imported: org.apache.maven.exception < plexus.core
[DEBUG]   Imported: org.sonatype.aether.metadata < plexus.core
[DEBUG]   Imported: org.codehaus.plexus.util.xml.Xpp3Dom < plexus.core
[DEBUG]   Imported: org.sonatype.aether.collection < plexus.core
[DEBUG]   Imported: org.sonatype.aether.version < plexus.core
[DEBUG]   Imported: org.apache.maven.monitor < plexus.core
[DEBUG]   Imported: org.apache.maven.wagon.repository < plexus.core
[DEBUG]   Imported: org.apache.maven.repository < plexus.core
[DEBUG]   Imported: org.apache.maven.wagon.resource < plexus.core
[DEBUG]   Imported: org.codehaus.plexus.logging < plexus.core
[DEBUG]   Imported: org.apache.maven.profiles < plexus.core
[DEBUG]   Imported: org.sonatype.aether.repository < plexus.core
[DEBUG]   Imported: org.apache.maven.classrealm < plexus.core
[DEBUG]   Imported: org.apache.maven.execution < plexus.core
[DEBUG]   Imported: org.sonatype.aether.artifact < plexus.core
[DEBUG]   Imported: org.sonatype.aether.spi < plexus.core
[DEBUG]   Imported: org.apache.maven.reporting < plexus.core
[DEBUG]   Imported: org.apache.maven.usability < plexus.core
[DEBUG]   Imported: org.codehaus.plexus.container < plexus.core
[DEBUG]   Imported: org.codehaus.plexus.component < plexus.core
[DEBUG]   Imported: org.codehaus.plexus.util.xml.pull.XmlSerializer < plexus.core
[DEBUG]   Imported: org.apache.maven.wagon.authentication < plexus.core
[DEBUG]   Imported: org.apache.maven.lifecycle < plexus.core
[DEBUG]   Imported: org.codehaus.plexus.classworlds < plexus.core
[DEBUG]   Imported: org.sonatype.aether.graph < plexus.core
[DEBUG]   Imported: org.sonatype.aether.* < plexus.core
[DEBUG]   Imported: org.apache.maven.settings < plexus.core
[DEBUG]   Imported: org.codehaus.classworlds < plexus.core
[DEBUG]   Imported: org.sonatype.aether.impl < plexus.core
[DEBUG]   Imported: org.apache.maven.wagon.* < plexus.core
[DEBUG]   Imported: org.apache.maven.toolchain < plexus.core
[DEBUG]   Imported: org.sonatype.aether.deployment < plexus.core
[DEBUG]   Imported: org.apache.maven.wagon.observers < plexus.core
[DEBUG]   Imported: org.codehaus.plexus.util.xml.pull.XmlPullParserException < plexus.core
[DEBUG]   Imported: org.codehaus.plexus.util.xml.pull.XmlPullParser < plexus.core
[DEBUG]   Imported: org.apache.maven.configuration < plexus.core
[DEBUG]   Imported: org.apache.maven.cli < plexus.core
[DEBUG]   Imported: org.sonatype.aether.installation < plexus.core
[DEBUG]   Imported: org.codehaus.plexus.context < plexus.core
[DEBUG]   Imported: org.apache.maven.wagon.authorization < plexus.core
[DEBUG]   Imported: org.apache.maven.project < plexus.core
[DEBUG]   Imported: org.apache.maven.rtinfo < plexus.core
[DEBUG]   Imported: org.codehaus.plexus.lifecycle < plexus.core
[DEBUG]   Imported: org.codehaus.plexus.configuration < plexus.core
[DEBUG]   Imported: org.apache.maven.artifact < plexus.core
[DEBUG]   Imported: org.apache.maven.model < plexus.core
[DEBUG]   Imported: org.apache.maven.* < plexus.core
[DEBUG]   Imported: org.apache.maven.wagon.proxy < plexus.core
[DEBUG]   Imported: org.sonatype.aether.resolution < plexus.core
[DEBUG]   Imported: org.apache.maven.plugin < plexus.core
[DEBUG]   Imported: org.codehaus.plexus.* < plexus.core
[DEBUG]   Imported: org.codehaus.plexus.personality < plexus.core
[DEBUG] Populating class realm maven.api
[DEBUG] org.openjena.tools:schemagen:jar:0.2-SNAPSHOT:
[DEBUG]    org.apache.maven:maven-plugin-api:jar:2.0:compile
[DEBUG]    org.apache.jena:jena-core:jar:2.7.3:compile
[DEBUG]       org.apache.jena:jena-iri:jar:0.9.3:compile
[DEBUG]       xerces:xercesImpl:jar:2.10.0:compile
[DEBUG]          xml-apis:xml-apis:jar:1.4.01:compile
[DEBUG]       org.slf4j:slf4j-api:jar:1.6.4:compile
[DEBUG]       org.slf4j:slf4j-log4j12:jar:1.6.4:compile
[DEBUG]       log4j:log4j:jar:1.2.16:compile
[DEBUG]    org.codehaus.plexus:plexus-utils:jar:2.0.1:compile
[DEBUG]    junit:junit:jar:4.8.1:compile
[DEBUG]    org.apache.maven.shared:maven-verifier:jar:1.2:compile
[DEBUG] Created new class realm plugin>org.openjena.tools:schemagen:0.2-SNAPSHOT
[DEBUG] Importing foreign packages into class realm plugin>org.openjena.tools:schemagen:0.2-SNAPSHOT
[DEBUG]   Imported:  < maven.api
[DEBUG] Populating class realm plugin>org.openjena.tools:schemagen:0.2-SNAPSHOT
[DEBUG]   Included: org.openjena.tools:schemagen:jar:0.2-SNAPSHOT
[DEBUG]   Included: org.apache.jena:jena-core:jar:2.7.3
[DEBUG]   Included: org.apache.jena:jena-iri:jar:0.9.3
[DEBUG]   Included: xerces:xercesImpl:jar:2.10.0
[DEBUG]   Included: xml-apis:xml-apis:jar:1.4.01
[DEBUG]   Included: org.slf4j:slf4j-api:jar:1.6.4
[DEBUG]   Included: org.slf4j:slf4j-log4j12:jar:1.6.4
[DEBUG]   Included: log4j:log4j:jar:1.2.16
[DEBUG]   Included: org.codehaus.plexus:plexus-utils:jar:2.0.1
[DEBUG]   Included: junit:junit:jar:4.8.1
[DEBUG]   Included: org.apache.maven.shared:maven-verifier:jar:1.2
[DEBUG]   Excluded: org.apache.maven:maven-plugin-api:jar:2.0
[DEBUG] Configuring mojo org.openjena.tools:schemagen:0.2-SNAPSHOT:translate from plugin realm ClassRealm[plugin>org.openjena.tools:schemagen:0.2-SNAPSHOT, parent: sun.misc.Launcher$AppClassLoader@78d9ab8]
[DEBUG] Configuring mojo 'org.openjena.tools:schemagen:0.2-SNAPSHOT:translate' with basic configurator -->
[DEBUG]   (f) baseDir = /home/ian/workspace/schemagen-maven/src/it/schemagen-integration-3
log4j:WARN No appenders could be found for logger (com.hp.hpl.jena.util.FileManager).
log4j:WARN Please initialize the log4j system properly.
log4j:WARN See http://logging.apache.org/log4j/1.2/faq.html#noconfig for more info.
[DEBUG]   (s) input = default
[DEBUG]   (s) packageName = org.example.test
[DEBUG]   (s) input = src/main/vocabs/test2.ttl
[DEBUG]   (s) ontology = true
[DEBUG]   (f) fileOptions = [org.openjena.tools.schemagen.Source@541156e9, org.openjena.tools.schemagen.Source@3e61061d]
[DEBUG]   (s) includes = [src/main/vocabs/*.ttl]
[DEBUG]   (f) projectBuildDir = /home/ian/workspace/schemagen-maven/src/it/schemagen-integration-3/target
[DEBUG] -- end configuration --
[INFO] Starting schemagen execute() ...
[INFO] processFile with src/main/vocabs/test1.ttl
[INFO] [src/main/vocabs/test2.ttl]
[INFO] so = null
[INFO] input before adjustment: src/main/vocabs/test1.ttl
[INFO] relative = true
[INFO] baseDir = /home/ian/workspace/schemagen-maven/src/it/schemagen-integration-3
[INFO] getBaseDir() = /home/ian/workspace/schemagen-maven/src/it/schemagen-integration-3
[INFO] input after adjustment: file:/home/ian/workspace/schemagen-maven/src/it/schemagen-integration-3/src/main/vocabs/test1.ttl
[INFO] about to call run(): 
[INFO] processFile with src/main/vocabs/test2.ttl
[INFO] [src/main/vocabs/test2.ttl]
[INFO] so = org.openjena.tools.schemagen.Source@3e61061d
[INFO] input before adjustment: src/main/vocabs/test2.ttl
[INFO] relative = true
[INFO] baseDir = /home/ian/workspace/schemagen-maven/src/it/schemagen-integration-3
[INFO] getBaseDir() = /home/ian/workspace/schemagen-maven/src/it/schemagen-integration-3
[INFO] input after adjustment: file:/home/ian/workspace/schemagen-maven/src/it/schemagen-integration-3/src/main/vocabs/test2.ttl
[INFO] about to call run(): 
[INFO] 
[INFO] --- maven-resources-plugin:2.5:resources (default-resources) @ schemagen-test ---
[DEBUG] org.apache.maven.plugins:maven-resources-plugin:jar:2.5:
[DEBUG]    org.apache.maven:maven-plugin-api:jar:2.0.6:compile
[DEBUG]    org.apache.maven:maven-project:jar:2.0.6:compile
[DEBUG]       org.apache.maven:maven-profile:jar:2.0.6:compile
[DEBUG]       org.apache.maven:maven-artifact-manager:jar:2.0.6:compile
[DEBUG]       org.apache.maven:maven-plugin-registry:jar:2.0.6:compile
[DEBUG]    org.apache.maven:maven-core:jar:2.0.6:compile
[DEBUG]       org.apache.maven:maven-plugin-parameter-documenter:jar:2.0.6:compile
[DEBUG]       org.apache.maven.reporting:maven-reporting-api:jar:2.0.6:compile
[DEBUG]          org.apache.maven.doxia:doxia-sink-api:jar:1.0-alpha-7:compile
[DEBUG]       org.apache.maven:maven-repository-metadata:jar:2.0.6:compile
[DEBUG]       org.apache.maven:maven-error-diagnostics:jar:2.0.6:compile
[DEBUG]       commons-cli:commons-cli:jar:1.0:compile
[DEBUG]       org.apache.maven:maven-plugin-descriptor:jar:2.0.6:compile
[DEBUG]       org.codehaus.plexus:plexus-interactivity-api:jar:1.0-alpha-4:compile
[DEBUG]       classworlds:classworlds:jar:1.1:compile
[DEBUG]    org.apache.maven:maven-artifact:jar:2.0.6:compile
[DEBUG]    org.apache.maven:maven-settings:jar:2.0.6:compile
[DEBUG]    org.apache.maven:maven-model:jar:2.0.6:compile
[DEBUG]    org.apache.maven:maven-monitor:jar:2.0.6:compile
[DEBUG]    org.codehaus.plexus:plexus-container-default:jar:1.0-alpha-9-stable-1:compile
[DEBUG]       junit:junit:jar:3.8.1:compile
[DEBUG]    org.codehaus.plexus:plexus-utils:jar:2.0.5:compile
[DEBUG]    org.apache.maven.shared:maven-filtering:jar:1.0:compile
[DEBUG]       org.sonatype.plexus:plexus-build-api:jar:0.0.4:compile
[DEBUG]    org.codehaus.plexus:plexus-interpolation:jar:1.13:compile
[DEBUG] Created new class realm plugin>org.apache.maven.plugins:maven-resources-plugin:2.5
[DEBUG] Importing foreign packages into class realm plugin>org.apache.maven.plugins:maven-resources-plugin:2.5
[DEBUG]   Imported:  < maven.api
[DEBUG] Populating class realm plugin>org.apache.maven.plugins:maven-resources-plugin:2.5
[DEBUG]   Included: org.apache.maven.plugins:maven-resources-plugin:jar:2.5
[DEBUG]   Included: org.apache.maven.reporting:maven-reporting-api:jar:2.0.6
[DEBUG]   Included: org.apache.maven.doxia:doxia-sink-api:jar:1.0-alpha-7
[DEBUG]   Included: commons-cli:commons-cli:jar:1.0
[DEBUG]   Included: org.codehaus.plexus:plexus-interactivity-api:jar:1.0-alpha-4
[DEBUG]   Included: junit:junit:jar:3.8.1
[DEBUG]   Included: org.codehaus.plexus:plexus-utils:jar:2.0.5
[DEBUG]   Included: org.apache.maven.shared:maven-filtering:jar:1.0
[DEBUG]   Included: org.sonatype.plexus:plexus-build-api:jar:0.0.4
[DEBUG]   Included: org.codehaus.plexus:plexus-interpolation:jar:1.13
[DEBUG]   Excluded: org.apache.maven:maven-plugin-api:jar:2.0.6
[DEBUG]   Excluded: org.apache.maven:maven-project:jar:2.0.6
[DEBUG]   Excluded: org.apache.maven:maven-profile:jar:2.0.6
[DEBUG]   Excluded: org.apache.maven:maven-artifact-manager:jar:2.0.6
[DEBUG]   Excluded: org.apache.maven:maven-plugin-registry:jar:2.0.6
[DEBUG]   Excluded: org.apache.maven:maven-core:jar:2.0.6
[DEBUG]   Excluded: org.apache.maven:maven-plugin-parameter-documenter:jar:2.0.6
[DEBUG]   Excluded: org.apache.maven:maven-repository-metadata:jar:2.0.6
[DEBUG]   Excluded: org.apache.maven:maven-error-diagnostics:jar:2.0.6
[DEBUG]   Excluded: org.apache.maven:maven-plugin-descriptor:jar:2.0.6
[DEBUG]   Excluded: classworlds:classworlds:jar:1.1
[DEBUG]   Excluded: org.apache.maven:maven-artifact:jar:2.0.6
[DEBUG]   Excluded: org.apache.maven:maven-settings:jar:2.0.6
[DEBUG]   Excluded: org.apache.maven:maven-model:jar:2.0.6
[DEBUG]   Excluded: org.apache.maven:maven-monitor:jar:2.0.6
[DEBUG]   Excluded: org.codehaus.plexus:plexus-container-default:jar:1.0-alpha-9-stable-1
[DEBUG] Configuring mojo org.apache.maven.plugins:maven-resources-plugin:2.5:resources from plugin realm ClassRealm[plugin>org.apache.maven.plugins:maven-resources-plugin:2.5, parent: sun.misc.Launcher$AppClassLoader@78d9ab8]
[debug] execute contextualize
[DEBUG] Configuring mojo 'org.apache.maven.plugins:maven-resources-plugin:2.5:resources' with basic configurator -->
[DEBUG]   (f) buildFilters = []
[DEBUG]   (f) escapeWindowsPaths = true
[DEBUG]   (s) includeEmptyDirs = false
[DEBUG]   (s) outputDirectory = /home/ian/workspace/schemagen-maven/src/it/schemagen-integration-3/target/classes
[DEBUG]   (s) overwrite = false
[DEBUG]   (f) project = MavenProject: org.openjena.tools:schemagen-test:0.2-SNAPSHOT @ /home/ian/workspace/schemagen-maven/src/it/schemagen-integration-3/interpolated-pom.xml
[DEBUG]   (s) resources = [Resource {targetPath: null, filtering: false, FileSet {directory: /home/ian/workspace/schemagen-maven/src/it/schemagen-integration-3/src/main/resources, PatternSet [includes: {}, excludes: {}]}}]
[DEBUG]   (f) session = org.apache.maven.execution.MavenSession@77cb817b
[DEBUG]   (f) supportMultiLineFiltering = false
[DEBUG]   (f) useBuildFilters = true
[DEBUG]   (s) useDefaultDelimiters = true
[DEBUG] -- end configuration --
[DEBUG] properties used {java.vendor=Oracle Corporation, env.SESSION_MANAGER=local/ian-desktop:@/tmp/.ICE-unix/1874,unix/ian-desktop:/tmp/.ICE-unix/1874, env.LESSOPEN=| /usr/bin/lesspipe %s, env.AWS_IAM_HOME=/home/ian/dev/aws/iam-cli, sun.java.launcher=SUN_STANDARD, sun.management.compiler=HotSpot 64-Bit Tiered Compilers, env.PROMPT_COMMAND=history -a, env.GEM_HOME=/home/ian/.rvm/gems/ruby-1.9.3-p374, os.name=Linux, env.JENAROOT=/home/ian/dev/java/apache-jena-2.7.4, sun.boot.class.path=/usr/lib/jvm/java-7-openjdk-amd64/jre/lib/resources.jar:/usr/lib/jvm/java-7-openjdk-amd64/jre/lib/rt.jar:/usr/lib/jvm/java-7-openjdk-amd64/jre/lib/sunrsasign.jar:/usr/lib/jvm/java-7-openjdk-amd64/jre/lib/jsse.jar:/usr/lib/jvm/java-7-openjdk-amd64/jre/lib/jce.jar:/usr/lib/jvm/java-7-openjdk-amd64/jre/lib/charsets.jar:/usr/lib/jvm/java-7-openjdk-amd64/jre/lib/netx.jar:/usr/lib/jvm/java-7-openjdk-amd64/jre/lib/plugin.jar:/usr/lib/jvm/java-7-openjdk-amd64/jre/lib/rhino.jar:/usr/lib/jvm/java-7-openjdk-amd64/jre/lib/jfr.jar:/usr/lib/jvm/java-7-openjdk-amd64/jre/classes, env.PWD=/home/ian/workspace/schemagen-maven/src/it/schemagen-integration-3, env.XDG_SESSION_COOKIE=04c94922b9fa9c3e6a6656ad00000020-1359538301.922239-1091149684, sun.desktop=gnome, env.LANG=en_GB.UTF-8, java.vm.specification.vendor=Oracle Corporation, java.runtime.version=1.7.0_09-b30, env.MY_RUBY_HOME=/home/ian/.rvm/rubies/ruby-1.9.3-p374, env.JENA_TDB=/home/ian/dev/java/apache-jena-2.7.4, env.DEFAULTS_PATH=/usr/share/gconf/gnome.default.path, env.HISTSIZE=2000, env.DISPLAY=:0, env.rvm_version=1.17.10 (latest), user.name=ian, env.escape_flag=1, env._=/home/ian/dev/java/maven/bin/mvn, maven.build.version=Apache Maven 3.0.4 (r1232337; 2012-01-17 08:44:56+0000), env.USER=ian, env.HISTCONTROL=erasedups, env.SHELL=/bin/bash, env.DESKTOP_SESSION=gnome, env.HISTFILESIZE=6000, env.XDG_DATA_DIRS=/usr/share/gnome:/usr/local/share/:/usr/share/, env.NODE_PATH=/home/ian/local/lib/node_modules/, maven.repo.local=/home/ian/workspace/schemagen-maven/target/it-repo, env.PATH=/home/ian/dev/aws/iam-cli/bin:/home/ian/dev/aws/ec2-api-tools/bin:/home/ian/.rvm/gems/ruby-1.9.3-p374/bin:/home/ian/.rvm/gems/ruby-1.9.3-p374@global/bin:/home/ian/.rvm/rubies/ruby-1.9.3-p374/bin:/home/ian/.rvm/bin:/home/ian/dev/java/maven/bin:/home/ian/bin:/usr/lib/lightdm/lightdm:/usr/local/sbin:/usr/local/bin:/usr/sbin:/usr/bin:/sbin:/bin:/usr/games:/home/ian/apps:/home/ian/bin:/home/ian/local/bin:/home/ian/java/maven2/bin:/home/ian/dev/java/apache-jena-2.7.4/bin:/home/ian/dev/java/jena-fuseki:/home/ian/dev/java/apache-jena-2.7.4/bin:/home/ian/.rvm/bin:/home/ian/.rvm/bin, env.XDG_CURRENT_DESKTOP=GNOME, user.language=en, env.rvm_prefix=/home/ian, env.AWS_SECRET_KEY=Cd+Wp7oSbUG4jezaVo6JAXakYvoCdriYMVpKCJjF, sun.boot.library.path=/usr/lib/jvm/java-7-openjdk-amd64/jre/lib/amd64, classworlds.conf=/home/ian/dev/java/maven/bin/m2.conf, env.KASABI_API_KEY=6556c002899c922107de0aab677bec023a58c95d, env.rvm_path=/home/ian/.rvm, env.RUBY_VERSION=ruby-1.9.3-p374, java.version=1.7.0_09, user.timezone=Europe/London, env.DBUS_SESSION_BUS_ADDRESS=unix:abstract=/tmp/dbus-ytehDuzMs1,guid=17c6ff065c4b369ba242ded50000002c, env._first=0, sun.arch.data.model=64, env.EC2_HOME=/home/ian/dev/aws/ec2-api-tools, env.SSH_AGENT_PID=1910, java.endorsed.dirs=/usr/lib/jvm/java-7-openjdk-amd64/jre/lib/endorsed, env.JDK_HOME=/usr/lib/jvm/java-7-openjdk-amd64, sun.cpu.isalist=, sun.jnu.encoding=UTF-8, env.rvm_bin_path=/home/ian/.rvm/bin, file.encoding.pkg=sun.io, env.SHLVL=1, file.separator=/, java.specification.name=Java Platform API Specification, env.GNOME_DESKTOP_SESSION_ID=this-is-deprecated, java.class.version=51.0, env.GDMSESSION=gnome, env.TDBROOT=/home/ian/dev/java/apache-jena-2.7.4, user.country=GB, env.GNOME_KEYRING_PID=1863, java.home=/usr/lib/jvm/java-7-openjdk-amd64/jre, java.vm.info=mixed mode, env.LOGNAME=ian, os.version=3.2.0-36-generic, env.HGEDITOR=/usr/bin/vi, path.separator=:, java.vm.version=23.2-b09, env._second=1, env.LANGUAGE=en_GB:en, env.AWS_ACCESS_KEY=AKIAIU4I23ARAOT5EX2Q, env.XDG_SESSION_PATH=/org/freedesktop/DisplayManager/Session0, env.IRBRC=/home/ian/.rvm/rubies/ruby-1.9.3-p374/.irbrc, env.JAVA_HOME=/usr/lib/jvm/java-7-openjdk-amd64, java.awt.printerjob=sun.print.PSPrinterJob, env.TERM=xterm, sun.io.unicode.encoding=UnicodeLittle, awt.toolkit=sun.awt.X11.XToolkit, env.GEM_PATH=/home/ian/.rvm/gems/ruby-1.9.3-p374:/home/ian/.rvm/gems/ruby-1.9.3-p374@global, user.home=/home/ian, env.OLDPWD=/home/ian/workspace/schemagen-maven/src/it/schemagen-integration-3, java.specification.vendor=Oracle Corporation, env.COMP_WORDBREAKS= 	
"'><;|&(:, env.HISTTIMEFORMAT=%F %T , env.M2_HOME=/home/ian/dev/java/maven, env.WINDOWID=69206903, java.library.path=/usr/java/packages/lib/amd64:/usr/lib/jni:/lib:/usr/lib, java.vendor.url=http://java.oracle.com/, java.vm.vendor=Oracle Corporation, maven.home=/home/ian/dev/java/maven, java.runtime.name=OpenJDK Runtime Environment, sun.java.command=org.codehaus.plexus.classworlds.launcher.Launcher -B -X -D maven.repo.local=/home/ian/workspace/schemagen-maven/target/it-repo -f interpolated-pom.xml -s /tmp/invoker-settings2711112743120159481.xml package, java.class.path=/home/ian/dev/java/maven/boot/plexus-classworlds-2.4.jar, env.MAVEN_TERMINATE_CMD=on, env.FUSEKIROOT=/home/ian/dev/java/jena-fuseki, maven.version=3.0.4, env.UBUNTU_MENUPROXY=libappmenu.so, java.vm.specification.name=Java Virtual Machine Specification, env.EC2_URL=https://ec2.eu-west-1.amazonaws.com, java.vm.specification.version=1.7, sun.cpu.endian=little, sun.os.patch.level=unknown, env.HOME=/home/ian, java.io.tmpdir=/tmp, env.LS_COLORS=rs=0:di=01;34:ln=01;36:mh=00:pi=40;33:so=01;35:do=01;35:bd=40;33;01:cd=40;33;01:or=40;31;01:su=37;41:sg=30;43:ca=30;41:tw=30;42:ow=34;42:st=37;44:ex=01;32:*.tar=01;31:*.tgz=01;31:*.arj=01;31:*.taz=01;31:*.lzh=01;31:*.lzma=01;31:*.tlz=01;31:*.txz=01;31:*.zip=01;31:*.z=01;31:*.Z=01;31:*.dz=01;31:*.gz=01;31:*.lz=01;31:*.xz=01;31:*.bz2=01;31:*.bz=01;31:*.tbz=01;31:*.tbz2=01;31:*.tz=01;31:*.deb=01;31:*.rpm=01;31:*.jar=01;31:*.war=01;31:*.ear=01;31:*.sar=01;31:*.rar=01;31:*.ace=01;31:*.zoo=01;31:*.cpio=01;31:*.7z=01;31:*.rz=01;31:*.jpg=01;35:*.jpeg=01;35:*.gif=01;35:*.bmp=01;35:*.pbm=01;35:*.pgm=01;35:*.ppm=01;35:*.tga=01;35:*.xbm=01;35:*.xpm=01;35:*.tif=01;35:*.tiff=01;35:*.png=01;35:*.svg=01;35:*.svgz=01;35:*.mng=01;35:*.pcx=01;35:*.mov=01;35:*.mpg=01;35:*.mpeg=01;35:*.m2v=01;35:*.mkv=01;35:*.webm=01;35:*.ogm=01;35:*.mp4=01;35:*.m4v=01;35:*.mp4v=01;35:*.vob=01;35:*.qt=01;35:*.nuv=01;35:*.wmv=01;35:*.asf=01;35:*.rm=01;35:*.rmvb=01;35:*.flc=01;35:*.avi=01;35:*.fli=01;35:*.flv=01;35:*.gl=01;35:*.dl=01;35:*.xcf=01;35:*.xwd=01;35:*.yuv=01;35:*.cgm=01;35:*.emf=01;35:*.axv=01;35:*.anx=01;35:*.ogv=01;35:*.ogx=01;35:*.aac=00;36:*.au=00;36:*.flac=00;36:*.mid=00;36:*.midi=00;36:*.mka=00;36:*.mp3=00;36:*.mpc=00;36:*.ogg=00;36:*.ra=00;36:*.wav=00;36:*.axa=00;36:*.oga=00;36:*.spx=00;36:*.xspf=00;36:, env.XDG_SEAT_PATH=/org/freedesktop/DisplayManager/Seat0, java.vendor.url.bug=http://bugreport.sun.com/bugreport/, env.SSH_AUTH_SOCK=/home/ian/.cache/keyring-cH0n9c/ssh, env.JENA_HOME=/home/ian/dev/java/apache-jena-2.7.4, os.arch=amd64, java.awt.graphicsenv=sun.awt.X11GraphicsEnvironment, env.__array_start=0, java.ext.dirs=/usr/lib/jvm/java-7-openjdk-amd64/jre/lib/ext:/usr/java/packages/lib/ext, user.dir=/home/ian/workspace/schemagen-maven/src/it/schemagen-integration-3, env.XAUTHORITY=/home/ian/.Xauthority, env.MANDATORY_PATH=/usr/share/gconf/gnome.mandatory.path, line.separator=
, java.vm.name=OpenJDK 64-Bit Server VM, env.COLORTERM=gnome-terminal, env.EDITOR=/usr/bin/gedit, env.AWS_CREDENTIAL_FILE=/home/ian/Dropbox/computer-setup/aws-credentials.txt, file.encoding=UTF-8, env.JRUBY_OPTS=-X+O --1.9, env.GPG_AGENT_INFO=/home/ian/.cache/keyring-cH0n9c/gpg:0:1, env.JENA=/home/ian/dev/java/apache-jena-2.7.4, java.specification.version=1.7, env.GNOME_KEYRING_CONTROL=/home/ian/.cache/keyring-cH0n9c, env.XDG_CONFIG_DIRS=/etc/xdg/xdg-gnome:/etc/xdg, env.HISTIGNORE=*PROMPT*:lsc:cd:cd ..:pwd:exit:mc:clear:history *, env.LESSCLOSE=/usr/bin/lesspipe %s %s}
[WARNING] Using platform encoding (UTF-8 actually) to copy filtered resources, i.e. build is platform dependent!
[DEBUG] resource with targetPath null
directory /home/ian/workspace/schemagen-maven/src/it/schemagen-integration-3/src/main/resources
excludes []
includes []
[INFO] skip non existing resourceDirectory /home/ian/workspace/schemagen-maven/src/it/schemagen-integration-3/src/main/resources
[DEBUG] no use filter components
[INFO] 
[INFO] --- maven-compiler-plugin:2.3.2:compile (default-compile) @ schemagen-test ---
[DEBUG] org.apache.maven.plugins:maven-compiler-plugin:jar:2.3.2:
[DEBUG]    org.apache.maven:maven-plugin-api:jar:2.0.6:compile
[DEBUG]    org.apache.maven:maven-artifact:jar:2.0.6:compile
[DEBUG]    org.apache.maven:maven-core:jar:2.0.6:compile
[DEBUG]       org.apache.maven:maven-settings:jar:2.0.6:compile
[DEBUG]       org.apache.maven:maven-plugin-parameter-documenter:jar:2.0.6:compile
[DEBUG]       org.apache.maven:maven-profile:jar:2.0.6:compile
[DEBUG]       org.apache.maven:maven-model:jar:2.0.6:compile
[DEBUG]       org.apache.maven:maven-repository-metadata:jar:2.0.6:compile
[DEBUG]       org.apache.maven:maven-error-diagnostics:jar:2.0.6:compile
[DEBUG]       org.apache.maven:maven-project:jar:2.0.6:compile
[DEBUG]          org.apache.maven:maven-plugin-registry:jar:2.0.6:compile
[DEBUG]       org.apache.maven:maven-plugin-descriptor:jar:2.0.6:compile
[DEBUG]       org.apache.maven:maven-artifact-manager:jar:2.0.6:compile
[DEBUG]       org.apache.maven:maven-monitor:jar:2.0.6:compile
[DEBUG]    org.apache.maven:maven-toolchain:jar:1.0:compile
[DEBUG]    org.codehaus.plexus:plexus-utils:jar:2.0.5:compile
[DEBUG]    org.codehaus.plexus:plexus-compiler-api:jar:1.8.1:compile
[DEBUG]    org.codehaus.plexus:plexus-compiler-manager:jar:1.8.1:compile
[DEBUG]    org.codehaus.plexus:plexus-compiler-javac:jar:1.8.1:runtime
[DEBUG] Created new class realm plugin>org.apache.maven.plugins:maven-compiler-plugin:2.3.2
[DEBUG] Importing foreign packages into class realm plugin>org.apache.maven.plugins:maven-compiler-plugin:2.3.2
[DEBUG]   Imported:  < maven.api
[DEBUG] Populating class realm plugin>org.apache.maven.plugins:maven-compiler-plugin:2.3.2
[DEBUG]   Included: org.apache.maven.plugins:maven-compiler-plugin:jar:2.3.2
[DEBUG]   Included: org.codehaus.plexus:plexus-utils:jar:2.0.5
[DEBUG]   Included: org.codehaus.plexus:plexus-compiler-api:jar:1.8.1
[DEBUG]   Included: org.codehaus.plexus:plexus-compiler-manager:jar:1.8.1
[DEBUG]   Included: org.codehaus.plexus:plexus-compiler-javac:jar:1.8.1
[DEBUG]   Excluded: org.apache.maven:maven-plugin-api:jar:2.0.6
[DEBUG]   Excluded: org.apache.maven:maven-artifact:jar:2.0.6
[DEBUG]   Excluded: org.apache.maven:maven-core:jar:2.0.6
[DEBUG]   Excluded: org.apache.maven:maven-settings:jar:2.0.6
[DEBUG]   Excluded: org.apache.maven:maven-plugin-parameter-documenter:jar:2.0.6
[DEBUG]   Excluded: org.apache.maven:maven-profile:jar:2.0.6
[DEBUG]   Excluded: org.apache.maven:maven-model:jar:2.0.6
[DEBUG]   Excluded: org.apache.maven:maven-repository-metadata:jar:2.0.6
[DEBUG]   Excluded: org.apache.maven:maven-error-diagnostics:jar:2.0.6
[DEBUG]   Excluded: org.apache.maven:maven-project:jar:2.0.6
[DEBUG]   Excluded: org.apache.maven:maven-plugin-registry:jar:2.0.6
[DEBUG]   Excluded: org.apache.maven:maven-plugin-descriptor:jar:2.0.6
[DEBUG]   Excluded: org.apache.maven:maven-artifact-manager:jar:2.0.6
[DEBUG]   Excluded: org.apache.maven:maven-monitor:jar:2.0.6
[DEBUG]   Excluded: org.apache.maven:maven-toolchain:jar:1.0
[DEBUG] Configuring mojo org.apache.maven.plugins:maven-compiler-plugin:2.3.2:compile from plugin realm ClassRealm[plugin>org.apache.maven.plugins:maven-compiler-plugin:2.3.2, parent: sun.misc.Launcher$AppClassLoader@78d9ab8]
[DEBUG] Configuring mojo 'org.apache.maven.plugins:maven-compiler-plugin:2.3.2:compile' with basic configurator -->
[DEBUG]   (f) basedir = /home/ian/workspace/schemagen-maven/src/it/schemagen-integration-3
[DEBUG]   (f) buildDirectory = /home/ian/workspace/schemagen-maven/src/it/schemagen-integration-3/target
[DEBUG]   (f) classpathElements = [/home/ian/workspace/schemagen-maven/src/it/schemagen-integration-3/target/classes, /home/ian/workspace/schemagen-maven/target/it-repo/org/apache/jena/jena-core/2.7.3/jena-core-2.7.3.jar, /home/ian/workspace/schemagen-maven/target/it-repo/org/apache/jena/jena-iri/0.9.3/jena-iri-0.9.3.jar, /home/ian/workspace/schemagen-maven/target/it-repo/xerces/xercesImpl/2.10.0/xercesImpl-2.10.0.jar, /home/ian/workspace/schemagen-maven/target/it-repo/xml-apis/xml-apis/1.4.01/xml-apis-1.4.01.jar, /home/ian/workspace/schemagen-maven/target/it-repo/org/slf4j/slf4j-api/1.6.4/slf4j-api-1.6.4.jar, /home/ian/workspace/schemagen-maven/target/it-repo/org/slf4j/slf4j-log4j12/1.6.4/slf4j-log4j12-1.6.4.jar, /home/ian/workspace/schemagen-maven/target/it-repo/log4j/log4j/1.2.16/log4j-1.2.16.jar]
[DEBUG]   (f) compileSourceRoots = [/home/ian/workspace/schemagen-maven/src/it/schemagen-integration-3/src/main/java]
[DEBUG]   (f) compilerId = javac
[DEBUG]   (f) debug = true
[DEBUG]   (f) failOnError = true
[DEBUG]   (f) fork = false
[DEBUG]   (f) generatedSourcesDirectory = /home/ian/workspace/schemagen-maven/src/it/schemagen-integration-3/target/generated-sources/annotations
[DEBUG]   (f) optimize = false
[DEBUG]   (f) outputDirectory = /home/ian/workspace/schemagen-maven/src/it/schemagen-integration-3/target/classes
[DEBUG]   (f) outputFileName = schemagen-test-0.2-SNAPSHOT
[DEBUG]   (f) projectArtifact = org.openjena.tools:schemagen-test:jar:0.2-SNAPSHOT
[DEBUG]   (f) session = org.apache.maven.execution.MavenSession@77cb817b
[DEBUG]   (f) showDeprecation = false
[DEBUG]   (f) showWarnings = false
[DEBUG]   (f) source = 1.5
[DEBUG]   (f) staleMillis = 0
[DEBUG]   (f) target = 1.5
[DEBUG]   (f) verbose = false
[DEBUG] -- end configuration --
[DEBUG] Using compiler 'javac'.
[INFO] No sources to compile
[INFO] 
[INFO] --- maven-resources-plugin:2.5:testResources (default-testResources) @ schemagen-test ---
[DEBUG] Configuring mojo org.apache.maven.plugins:maven-resources-plugin:2.5:testResources from plugin realm ClassRealm[plugin>org.apache.maven.plugins:maven-resources-plugin:2.5, parent: sun.misc.Launcher$AppClassLoader@78d9ab8]
[debug] execute contextualize
[DEBUG] Configuring mojo 'org.apache.maven.plugins:maven-resources-plugin:2.5:testResources' with basic configurator -->
[DEBUG]   (f) buildFilters = []
[DEBUG]   (f) escapeWindowsPaths = true
[DEBUG]   (s) includeEmptyDirs = false
[DEBUG]   (s) outputDirectory = /home/ian/workspace/schemagen-maven/src/it/schemagen-integration-3/target/test-classes
[DEBUG]   (s) overwrite = false
[DEBUG]   (f) project = MavenProject: org.openjena.tools:schemagen-test:0.2-SNAPSHOT @ /home/ian/workspace/schemagen-maven/src/it/schemagen-integration-3/interpolated-pom.xml
[DEBUG]   (s) resources = [Resource {targetPath: null, filtering: false, FileSet {directory: /home/ian/workspace/schemagen-maven/src/it/schemagen-integration-3/src/test/resources, PatternSet [includes: {}, excludes: {}]}}]
[DEBUG]   (f) session = org.apache.maven.execution.MavenSession@77cb817b
[DEBUG]   (f) supportMultiLineFiltering = false
[DEBUG]   (f) useBuildFilters = true
[DEBUG]   (s) useDefaultDelimiters = true
[DEBUG] -- end configuration --
[DEBUG] properties used {java.vendor=Oracle Corporation, env.SESSION_MANAGER=local/ian-desktop:@/tmp/.ICE-unix/1874,unix/ian-desktop:/tmp/.ICE-unix/1874, env.LESSOPEN=| /usr/bin/lesspipe %s, env.AWS_IAM_HOME=/home/ian/dev/aws/iam-cli, sun.java.launcher=SUN_STANDARD, sun.management.compiler=HotSpot 64-Bit Tiered Compilers, env.PROMPT_COMMAND=history -a, env.GEM_HOME=/home/ian/.rvm/gems/ruby-1.9.3-p374, os.name=Linux, env.JENAROOT=/home/ian/dev/java/apache-jena-2.7.4, sun.boot.class.path=/usr/lib/jvm/java-7-openjdk-amd64/jre/lib/resources.jar:/usr/lib/jvm/java-7-openjdk-amd64/jre/lib/rt.jar:/usr/lib/jvm/java-7-openjdk-amd64/jre/lib/sunrsasign.jar:/usr/lib/jvm/java-7-openjdk-amd64/jre/lib/jsse.jar:/usr/lib/jvm/java-7-openjdk-amd64/jre/lib/jce.jar:/usr/lib/jvm/java-7-openjdk-amd64/jre/lib/charsets.jar:/usr/lib/jvm/java-7-openjdk-amd64/jre/lib/netx.jar:/usr/lib/jvm/java-7-openjdk-amd64/jre/lib/plugin.jar:/usr/lib/jvm/java-7-openjdk-amd64/jre/lib/rhino.jar:/usr/lib/jvm/java-7-openjdk-amd64/jre/lib/jfr.jar:/usr/lib/jvm/java-7-openjdk-amd64/jre/classes, env.PWD=/home/ian/workspace/schemagen-maven/src/it/schemagen-integration-3, env.XDG_SESSION_COOKIE=04c94922b9fa9c3e6a6656ad00000020-1359538301.922239-1091149684, sun.desktop=gnome, env.LANG=en_GB.UTF-8, java.vm.specification.vendor=Oracle Corporation, java.runtime.version=1.7.0_09-b30, env.MY_RUBY_HOME=/home/ian/.rvm/rubies/ruby-1.9.3-p374, env.JENA_TDB=/home/ian/dev/java/apache-jena-2.7.4, env.DEFAULTS_PATH=/usr/share/gconf/gnome.default.path, env.HISTSIZE=2000, env.DISPLAY=:0, env.rvm_version=1.17.10 (latest), user.name=ian, env.escape_flag=1, env._=/home/ian/dev/java/maven/bin/mvn, maven.build.version=Apache Maven 3.0.4 (r1232337; 2012-01-17 08:44:56+0000), env.USER=ian, env.HISTCONTROL=erasedups, env.SHELL=/bin/bash, env.DESKTOP_SESSION=gnome, env.HISTFILESIZE=6000, env.XDG_DATA_DIRS=/usr/share/gnome:/usr/local/share/:/usr/share/, env.NODE_PATH=/home/ian/local/lib/node_modules/, maven.repo.local=/home/ian/workspace/schemagen-maven/target/it-repo, env.PATH=/home/ian/dev/aws/iam-cli/bin:/home/ian/dev/aws/ec2-api-tools/bin:/home/ian/.rvm/gems/ruby-1.9.3-p374/bin:/home/ian/.rvm/gems/ruby-1.9.3-p374@global/bin:/home/ian/.rvm/rubies/ruby-1.9.3-p374/bin:/home/ian/.rvm/bin:/home/ian/dev/java/maven/bin:/home/ian/bin:/usr/lib/lightdm/lightdm:/usr/local/sbin:/usr/local/bin:/usr/sbin:/usr/bin:/sbin:/bin:/usr/games:/home/ian/apps:/home/ian/bin:/home/ian/local/bin:/home/ian/java/maven2/bin:/home/ian/dev/java/apache-jena-2.7.4/bin:/home/ian/dev/java/jena-fuseki:/home/ian/dev/java/apache-jena-2.7.4/bin:/home/ian/.rvm/bin:/home/ian/.rvm/bin, env.XDG_CURRENT_DESKTOP=GNOME, user.language=en, env.rvm_prefix=/home/ian, env.AWS_SECRET_KEY=Cd+Wp7oSbUG4jezaVo6JAXakYvoCdriYMVpKCJjF, sun.boot.library.path=/usr/lib/jvm/java-7-openjdk-amd64/jre/lib/amd64, classworlds.conf=/home/ian/dev/java/maven/bin/m2.conf, env.KASABI_API_KEY=6556c002899c922107de0aab677bec023a58c95d, env.rvm_path=/home/ian/.rvm, env.RUBY_VERSION=ruby-1.9.3-p374, java.version=1.7.0_09, user.timezone=Europe/London, env.DBUS_SESSION_BUS_ADDRESS=unix:abstract=/tmp/dbus-ytehDuzMs1,guid=17c6ff065c4b369ba242ded50000002c, env._first=0, sun.arch.data.model=64, env.EC2_HOME=/home/ian/dev/aws/ec2-api-tools, env.SSH_AGENT_PID=1910, java.endorsed.dirs=/usr/lib/jvm/java-7-openjdk-amd64/jre/lib/endorsed, env.JDK_HOME=/usr/lib/jvm/java-7-openjdk-amd64, sun.cpu.isalist=, sun.jnu.encoding=UTF-8, env.rvm_bin_path=/home/ian/.rvm/bin, file.encoding.pkg=sun.io, env.SHLVL=1, file.separator=/, java.specification.name=Java Platform API Specification, env.GNOME_DESKTOP_SESSION_ID=this-is-deprecated, java.class.version=51.0, env.GDMSESSION=gnome, env.TDBROOT=/home/ian/dev/java/apache-jena-2.7.4, user.country=GB, env.GNOME_KEYRING_PID=1863, java.home=/usr/lib/jvm/java-7-openjdk-amd64/jre, java.vm.info=mixed mode, env.LOGNAME=ian, os.version=3.2.0-36-generic, env.HGEDITOR=/usr/bin/vi, path.separator=:, java.vm.version=23.2-b09, env._second=1, env.LANGUAGE=en_GB:en, env.AWS_ACCESS_KEY=AKIAIU4I23ARAOT5EX2Q, env.XDG_SESSION_PATH=/org/freedesktop/DisplayManager/Session0, env.IRBRC=/home/ian/.rvm/rubies/ruby-1.9.3-p374/.irbrc, env.JAVA_HOME=/usr/lib/jvm/java-7-openjdk-amd64, java.awt.printerjob=sun.print.PSPrinterJob, env.TERM=xterm, sun.io.unicode.encoding=UnicodeLittle, awt.toolkit=sun.awt.X11.XToolkit, env.GEM_PATH=/home/ian/.rvm/gems/ruby-1.9.3-p374:/home/ian/.rvm/gems/ruby-1.9.3-p374@global, user.home=/home/ian, env.OLDPWD=/home/ian/workspace/schemagen-maven/src/it/schemagen-integration-3, java.specification.vendor=Oracle Corporation, env.COMP_WORDBREAKS= 	
"'><;|&(:, env.HISTTIMEFORMAT=%F %T , env.M2_HOME=/home/ian/dev/java/maven, env.WINDOWID=69206903, java.library.path=/usr/java/packages/lib/amd64:/usr/lib/jni:/lib:/usr/lib, java.vendor.url=http://java.oracle.com/, java.vm.vendor=Oracle Corporation, maven.home=/home/ian/dev/java/maven, java.runtime.name=OpenJDK Runtime Environment, sun.java.command=org.codehaus.plexus.classworlds.launcher.Launcher -B -X -D maven.repo.local=/home/ian/workspace/schemagen-maven/target/it-repo -f interpolated-pom.xml -s /tmp/invoker-settings2711112743120159481.xml package, java.class.path=/home/ian/dev/java/maven/boot/plexus-classworlds-2.4.jar, env.MAVEN_TERMINATE_CMD=on, env.FUSEKIROOT=/home/ian/dev/java/jena-fuseki, maven.version=3.0.4, env.UBUNTU_MENUPROXY=libappmenu.so, java.vm.specification.name=Java Virtual Machine Specification, env.EC2_URL=https://ec2.eu-west-1.amazonaws.com, java.vm.specification.version=1.7, sun.cpu.endian=little, sun.os.patch.level=unknown, env.HOME=/home/ian, java.io.tmpdir=/tmp, env.LS_COLORS=rs=0:di=01;34:ln=01;36:mh=00:pi=40;33:so=01;35:do=01;35:bd=40;33;01:cd=40;33;01:or=40;31;01:su=37;41:sg=30;43:ca=30;41:tw=30;42:ow=34;42:st=37;44:ex=01;32:*.tar=01;31:*.tgz=01;31:*.arj=01;31:*.taz=01;31:*.lzh=01;31:*.lzma=01;31:*.tlz=01;31:*.txz=01;31:*.zip=01;31:*.z=01;31:*.Z=01;31:*.dz=01;31:*.gz=01;31:*.lz=01;31:*.xz=01;31:*.bz2=01;31:*.bz=01;31:*.tbz=01;31:*.tbz2=01;31:*.tz=01;31:*.deb=01;31:*.rpm=01;31:*.jar=01;31:*.war=01;31:*.ear=01;31:*.sar=01;31:*.rar=01;31:*.ace=01;31:*.zoo=01;31:*.cpio=01;31:*.7z=01;31:*.rz=01;31:*.jpg=01;35:*.jpeg=01;35:*.gif=01;35:*.bmp=01;35:*.pbm=01;35:*.pgm=01;35:*.ppm=01;35:*.tga=01;35:*.xbm=01;35:*.xpm=01;35:*.tif=01;35:*.tiff=01;35:*.png=01;35:*.svg=01;35:*.svgz=01;35:*.mng=01;35:*.pcx=01;35:*.mov=01;35:*.mpg=01;35:*.mpeg=01;35:*.m2v=01;35:*.mkv=01;35:*.webm=01;35:*.ogm=01;35:*.mp4=01;35:*.m4v=01;35:*.mp4v=01;35:*.vob=01;35:*.qt=01;35:*.nuv=01;35:*.wmv=01;35:*.asf=01;35:*.rm=01;35:*.rmvb=01;35:*.flc=01;35:*.avi=01;35:*.fli=01;35:*.flv=01;35:*.gl=01;35:*.dl=01;35:*.xcf=01;35:*.xwd=01;35:*.yuv=01;35:*.cgm=01;35:*.emf=01;35:*.axv=01;35:*.anx=01;35:*.ogv=01;35:*.ogx=01;35:*.aac=00;36:*.au=00;36:*.flac=00;36:*.mid=00;36:*.midi=00;36:*.mka=00;36:*.mp3=00;36:*.mpc=00;36:*.ogg=00;36:*.ra=00;36:*.wav=00;36:*.axa=00;36:*.oga=00;36:*.spx=00;36:*.xspf=00;36:, env.XDG_SEAT_PATH=/org/freedesktop/DisplayManager/Seat0, java.vendor.url.bug=http://bugreport.sun.com/bugreport/, env.SSH_AUTH_SOCK=/home/ian/.cache/keyring-cH0n9c/ssh, env.JENA_HOME=/home/ian/dev/java/apache-jena-2.7.4, os.arch=amd64, java.awt.graphicsenv=sun.awt.X11GraphicsEnvironment, env.__array_start=0, java.ext.dirs=/usr/lib/jvm/java-7-openjdk-amd64/jre/lib/ext:/usr/java/packages/lib/ext, user.dir=/home/ian/workspace/schemagen-maven/src/it/schemagen-integration-3, env.XAUTHORITY=/home/ian/.Xauthority, env.MANDATORY_PATH=/usr/share/gconf/gnome.mandatory.path, line.separator=
, java.vm.name=OpenJDK 64-Bit Server VM, env.COLORTERM=gnome-terminal, env.EDITOR=/usr/bin/gedit, env.AWS_CREDENTIAL_FILE=/home/ian/Dropbox/computer-setup/aws-credentials.txt, file.encoding=UTF-8, env.JRUBY_OPTS=-X+O --1.9, env.GPG_AGENT_INFO=/home/ian/.cache/keyring-cH0n9c/gpg:0:1, env.JENA=/home/ian/dev/java/apache-jena-2.7.4, java.specification.version=1.7, env.GNOME_KEYRING_CONTROL=/home/ian/.cache/keyring-cH0n9c, env.XDG_CONFIG_DIRS=/etc/xdg/xdg-gnome:/etc/xdg, env.HISTIGNORE=*PROMPT*:lsc:cd:cd ..:pwd:exit:mc:clear:history *, env.LESSCLOSE=/usr/bin/lesspipe %s %s}
[WARNING] Using platform encoding (UTF-8 actually) to copy filtered resources, i.e. build is platform dependent!
[DEBUG] resource with targetPath null
directory /home/ian/workspace/schemagen-maven/src/it/schemagen-integration-3/src/test/resources
excludes []
includes []
[INFO] skip non existing resourceDirectory /home/ian/workspace/schemagen-maven/src/it/schemagen-integration-3/src/test/resources
[DEBUG] no use filter components
[INFO] 
[INFO] --- maven-compiler-plugin:2.3.2:testCompile (default-testCompile) @ schemagen-test ---
[DEBUG] Configuring mojo org.apache.maven.plugins:maven-compiler-plugin:2.3.2:testCompile from plugin realm ClassRealm[plugin>org.apache.maven.plugins:maven-compiler-plugin:2.3.2, parent: sun.misc.Launcher$AppClassLoader@78d9ab8]
[DEBUG] Configuring mojo 'org.apache.maven.plugins:maven-compiler-plugin:2.3.2:testCompile' with basic configurator -->
[DEBUG]   (f) basedir = /home/ian/workspace/schemagen-maven/src/it/schemagen-integration-3
[DEBUG]   (f) buildDirectory = /home/ian/workspace/schemagen-maven/src/it/schemagen-integration-3/target
[DEBUG]   (f) classpathElements = [/home/ian/workspace/schemagen-maven/src/it/schemagen-integration-3/target/test-classes, /home/ian/workspace/schemagen-maven/src/it/schemagen-integration-3/target/classes, /home/ian/workspace/schemagen-maven/target/it-repo/org/apache/jena/jena-core/2.7.3/jena-core-2.7.3.jar, /home/ian/workspace/schemagen-maven/target/it-repo/org/apache/jena/jena-iri/0.9.3/jena-iri-0.9.3.jar, /home/ian/workspace/schemagen-maven/target/it-repo/xerces/xercesImpl/2.10.0/xercesImpl-2.10.0.jar, /home/ian/workspace/schemagen-maven/target/it-repo/xml-apis/xml-apis/1.4.01/xml-apis-1.4.01.jar, /home/ian/workspace/schemagen-maven/target/it-repo/org/slf4j/slf4j-api/1.6.4/slf4j-api-1.6.4.jar, /home/ian/workspace/schemagen-maven/target/it-repo/org/slf4j/slf4j-log4j12/1.6.4/slf4j-log4j12-1.6.4.jar, /home/ian/workspace/schemagen-maven/target/it-repo/log4j/log4j/1.2.16/log4j-1.2.16.jar]
[DEBUG]   (f) compileSourceRoots = [/home/ian/workspace/schemagen-maven/src/it/schemagen-integration-3/src/test/java]
[DEBUG]   (f) compilerId = javac
[DEBUG]   (f) debug = true
[DEBUG]   (f) failOnError = true
[DEBUG]   (f) fork = false
[DEBUG]   (f) generatedTestSourcesDirectory = /home/ian/workspace/schemagen-maven/src/it/schemagen-integration-3/target/generated-sources/test-annotations
[DEBUG]   (f) optimize = false
[DEBUG]   (f) outputDirectory = /home/ian/workspace/schemagen-maven/src/it/schemagen-integration-3/target/test-classes
[DEBUG]   (f) outputFileName = schemagen-test-0.2-SNAPSHOT
[DEBUG]   (f) session = org.apache.maven.execution.MavenSession@77cb817b
[DEBUG]   (f) showDeprecation = false
[DEBUG]   (f) showWarnings = false
[DEBUG]   (f) source = 1.5
[DEBUG]   (f) staleMillis = 0
[DEBUG]   (f) target = 1.5
[DEBUG]   (f) verbose = false
[DEBUG] -- end configuration --
[DEBUG] Using compiler 'javac'.
[INFO] No sources to compile
[INFO] 
[INFO] --- maven-surefire-plugin:2.10:test (default-test) @ schemagen-test ---
[DEBUG] org.apache.maven.plugins:maven-surefire-plugin:jar:2.10:
[DEBUG]    org.apache.maven:maven-plugin-api:jar:2.0.9:compile
[DEBUG]    org.apache.maven.surefire:surefire-booter:jar:2.10:compile
[DEBUG]       org.apache.maven.surefire:surefire-api:jar:2.10:compile
[DEBUG]    org.apache.maven.surefire:maven-surefire-common:jar:2.10:compile
[DEBUG]       org.apache.maven.shared:maven-common-artifact-filters:jar:1.3:compile
[DEBUG]    org.codehaus.plexus:plexus-utils:jar:2.1:compile
[DEBUG]    org.apache.maven:maven-artifact:jar:2.0.9:compile
[DEBUG]    org.apache.maven:maven-project:jar:2.0.9:compile
[DEBUG]       org.apache.maven:maven-settings:jar:2.0.9:compile
[DEBUG]       org.apache.maven:maven-profile:jar:2.0.9:compile
[DEBUG]       org.apache.maven:maven-model:jar:2.0.9:compile
[DEBUG]       org.apache.maven:maven-artifact-manager:jar:2.0.9:compile
[DEBUG]       org.apache.maven:maven-plugin-registry:jar:2.0.9:compile
[DEBUG]       org.codehaus.plexus:plexus-container-default:jar:1.0-alpha-9-stable-1:compile
[DEBUG]          junit:junit:jar:3.8.1:test (scope managed from compile)
[DEBUG]    org.apache.maven:maven-core:jar:2.0.9:compile
[DEBUG]       org.apache.maven:maven-plugin-parameter-documenter:jar:2.0.9:compile
[DEBUG]       org.apache.maven.reporting:maven-reporting-api:jar:2.0.9:compile
[DEBUG]       org.apache.maven:maven-repository-metadata:jar:2.0.9:compile
[DEBUG]       org.apache.maven:maven-error-diagnostics:jar:2.0.9:compile
[DEBUG]       org.apache.maven:maven-plugin-descriptor:jar:2.0.9:compile
[DEBUG]       org.apache.maven:maven-monitor:jar:2.0.9:compile
[DEBUG]       classworlds:classworlds:jar:1.1:compile
[DEBUG]    org.apache.maven:maven-toolchain:jar:2.0.9:compile
[DEBUG] Created new class realm plugin>org.apache.maven.plugins:maven-surefire-plugin:2.10
[DEBUG] Importing foreign packages into class realm plugin>org.apache.maven.plugins:maven-surefire-plugin:2.10
[DEBUG]   Imported:  < maven.api
[DEBUG] Populating class realm plugin>org.apache.maven.plugins:maven-surefire-plugin:2.10
[DEBUG]   Included: org.apache.maven.plugins:maven-surefire-plugin:jar:2.10
[DEBUG]   Included: org.apache.maven.surefire:surefire-booter:jar:2.10
[DEBUG]   Included: org.apache.maven.surefire:surefire-api:jar:2.10
[DEBUG]   Included: org.apache.maven.surefire:maven-surefire-common:jar:2.10
[DEBUG]   Included: org.apache.maven.shared:maven-common-artifact-filters:jar:1.3
[DEBUG]   Included: org.codehaus.plexus:plexus-utils:jar:2.1
[DEBUG]   Included: org.apache.maven.reporting:maven-reporting-api:jar:2.0.9
[DEBUG]   Excluded: org.apache.maven:maven-plugin-api:jar:2.0.9
[DEBUG]   Excluded: org.apache.maven:maven-artifact:jar:2.0.9
[DEBUG]   Excluded: org.apache.maven:maven-project:jar:2.0.9
[DEBUG]   Excluded: org.apache.maven:maven-settings:jar:2.0.9
[DEBUG]   Excluded: org.apache.maven:maven-profile:jar:2.0.9
[DEBUG]   Excluded: org.apache.maven:maven-model:jar:2.0.9
[DEBUG]   Excluded: org.apache.maven:maven-artifact-manager:jar:2.0.9
[DEBUG]   Excluded: org.apache.maven:maven-plugin-registry:jar:2.0.9
[DEBUG]   Excluded: org.codehaus.plexus:plexus-container-default:jar:1.0-alpha-9-stable-1
[DEBUG]   Excluded: junit:junit:jar:3.8.1
[DEBUG]   Excluded: org.apache.maven:maven-core:jar:2.0.9
[DEBUG]   Excluded: org.apache.maven:maven-plugin-parameter-documenter:jar:2.0.9
[DEBUG]   Excluded: org.apache.maven:maven-repository-metadata:jar:2.0.9
[DEBUG]   Excluded: org.apache.maven:maven-error-diagnostics:jar:2.0.9
[DEBUG]   Excluded: org.apache.maven:maven-plugin-descriptor:jar:2.0.9
[DEBUG]   Excluded: org.apache.maven:maven-monitor:jar:2.0.9
[DEBUG]   Excluded: classworlds:classworlds:jar:1.1
[DEBUG]   Excluded: org.apache.maven:maven-toolchain:jar:2.0.9
[DEBUG] Configuring mojo org.apache.maven.plugins:maven-surefire-plugin:2.10:test from plugin realm ClassRealm[plugin>org.apache.maven.plugins:maven-surefire-plugin:2.10, parent: sun.misc.Launcher$AppClassLoader@78d9ab8]
[DEBUG] Configuring mojo 'org.apache.maven.plugins:maven-surefire-plugin:2.10:test' with basic configurator -->
[DEBUG]   (s) basedir = /home/ian/workspace/schemagen-maven/src/it/schemagen-integration-3
[DEBUG]   (s) childDelegation = false
[DEBUG]   (s) classesDirectory = /home/ian/workspace/schemagen-maven/src/it/schemagen-integration-3/target/classes
[DEBUG]   (s) disableXmlReport = false
[DEBUG]   (s) enableAssertions = true
[DEBUG]   (s) forkMode = once
[DEBUG]   (s) junitArtifactName = junit:junit
[DEBUG]   (s) localRepository =        id: local
      url: file:///home/ian/workspace/schemagen-maven/target/it-repo/
   layout: none

[DEBUG]   (f) parallelMavenExecution = false
[DEBUG]   (s) perCoreThreadCount = true
[DEBUG]   (s) pluginArtifactMap = {org.apache.maven.plugins:maven-surefire-plugin=org.apache.maven.plugins:maven-surefire-plugin:maven-plugin:2.10:, org.apache.maven.surefire:surefire-booter=org.apache.maven.surefire:surefire-booter:jar:2.10:compile, org.apache.maven.surefire:surefire-api=org.apache.maven.surefire:surefire-api:jar:2.10:compile, org.apache.maven.surefire:maven-surefire-common=org.apache.maven.surefire:maven-surefire-common:jar:2.10:compile, org.apache.maven.shared:maven-common-artifact-filters=org.apache.maven.shared:maven-common-artifact-filters:jar:1.3:compile, org.codehaus.plexus:plexus-utils=org.codehaus.plexus:plexus-utils:jar:2.1:compile, org.apache.maven.reporting:maven-reporting-api=org.apache.maven.reporting:maven-reporting-api:jar:2.0.9:compile}
[DEBUG]   (s) printSummary = true
[DEBUG]   (s) project = MavenProject: org.openjena.tools:schemagen-test:0.2-SNAPSHOT @ /home/ian/workspace/schemagen-maven/src/it/schemagen-integration-3/interpolated-pom.xml
[DEBUG]   (s) projectArtifactMap = {org.apache.jena:jena-core=org.apache.jena:jena-core:jar:2.7.3:compile, org.apache.jena:jena-iri=org.apache.jena:jena-iri:jar:0.9.3:compile, xerces:xercesImpl=xerces:xercesImpl:jar:2.10.0:compile, xml-apis:xml-apis=xml-apis:xml-apis:jar:1.4.01:compile, org.slf4j:slf4j-api=org.slf4j:slf4j-api:jar:1.6.4:compile, org.slf4j:slf4j-log4j12=org.slf4j:slf4j-log4j12:jar:1.6.4:compile, log4j:log4j=log4j:log4j:jar:1.2.16:compile}
[DEBUG]   (s) redirectTestOutputToFile = false
[DEBUG]   (s) remoteRepositories = [       id: central
      url: http://repo.maven.apache.org/maven2
   layout: default
snapshots: [enabled => false, update => daily]
 releases: [enabled => true, update => never]
]
[DEBUG]   (s) reportFormat = brief
[DEBUG]   (s) reportsDirectory = /home/ian/workspace/schemagen-maven/src/it/schemagen-integration-3/target/surefire-reports
[DEBUG]   (s) runOrder = filesystem
[DEBUG]   (s) session = org.apache.maven.execution.MavenSession@77cb817b
[DEBUG]   (s) skip = false
[DEBUG]   (s) skipTests = false
[DEBUG]   (s) testClassesDirectory = /home/ian/workspace/schemagen-maven/src/it/schemagen-integration-3/target/test-classes
[DEBUG]   (s) testFailureIgnore = false
[DEBUG]   (s) testNGArtifactName = org.testng:testng
[DEBUG]   (s) testSourceDirectory = /home/ian/workspace/schemagen-maven/src/it/schemagen-integration-3/src/test/java
[DEBUG]   (s) trimStackTrace = true
[DEBUG]   (s) useFile = true
[DEBUG]   (s) useManifestOnlyJar = true
[DEBUG]   (s) useSystemClassLoader = true
[DEBUG]   (s) useUnlimitedThreads = false
[DEBUG]   (s) workingDirectory = /home/ian/workspace/schemagen-maven/src/it/schemagen-integration-3
[DEBUG] -- end configuration --
[INFO] No tests to run.
[INFO] Surefire report directory: /home/ian/workspace/schemagen-maven/src/it/schemagen-integration-3/target/surefire-reports
[DEBUG] dummy:dummy:jar:1.0 (selected for null)
[DEBUG]   org.apache.maven.surefire:surefire-booter:jar:2.10:compile (selected for compile)
[DEBUG]     org.apache.maven.surefire:surefire-api:jar:2.10:compile (selected for compile)
[DEBUG] Adding to surefire booter test classpath: /home/ian/workspace/schemagen-maven/target/it-repo/org/apache/maven/surefire/surefire-booter/2.10/surefire-booter-2.10.jar Scope: compile
[DEBUG] Adding to surefire booter test classpath: /home/ian/workspace/schemagen-maven/target/it-repo/org/apache/maven/surefire/surefire-api/2.10/surefire-api-2.10.jar Scope: compile
[DEBUG] Setting system property [user.dir]=[/home/ian/workspace/schemagen-maven/src/it/schemagen-integration-3]
[DEBUG] Setting system property [maven.repo.local]=[/home/ian/workspace/schemagen-maven/target/it-repo]
[DEBUG] Setting system property [localRepository]=[/home/ian/workspace/schemagen-maven/target/it-repo]
[DEBUG] Setting system property [basedir]=[/home/ian/workspace/schemagen-maven/src/it/schemagen-integration-3]
[DEBUG] Using JVM: /usr/lib/jvm/java-7-openjdk-amd64/jre/bin/java
[DEBUG] dummy:dummy:jar:1.0 (selected for null)
[DEBUG]   org.apache.maven.surefire:surefire-junit3:jar:2.10:test (selected for test)
[DEBUG]     org.apache.maven.surefire:surefire-api:jar:2.10:test (selected for test)
[DEBUG] Adding to surefire test classpath: /home/ian/workspace/schemagen-maven/target/it-repo/org/apache/maven/surefire/surefire-junit3/2.10/surefire-junit3-2.10.jar Scope: test
[DEBUG] Adding to surefire test classpath: /home/ian/workspace/schemagen-maven/target/it-repo/org/apache/maven/surefire/surefire-api/2.10/surefire-api-2.10.jar Scope: test
[DEBUG] test classpath classpath:
[DEBUG]   /home/ian/workspace/schemagen-maven/src/it/schemagen-integration-3/target/test-classes
[DEBUG]   /home/ian/workspace/schemagen-maven/src/it/schemagen-integration-3/target/classes
[DEBUG]   /home/ian/workspace/schemagen-maven/target/it-repo/org/apache/jena/jena-core/2.7.3/jena-core-2.7.3.jar
[DEBUG]   /home/ian/workspace/schemagen-maven/target/it-repo/org/apache/jena/jena-iri/0.9.3/jena-iri-0.9.3.jar
[DEBUG]   /home/ian/workspace/schemagen-maven/target/it-repo/xerces/xercesImpl/2.10.0/xercesImpl-2.10.0.jar
[DEBUG]   /home/ian/workspace/schemagen-maven/target/it-repo/xml-apis/xml-apis/1.4.01/xml-apis-1.4.01.jar
[DEBUG]   /home/ian/workspace/schemagen-maven/target/it-repo/org/slf4j/slf4j-api/1.6.4/slf4j-api-1.6.4.jar
[DEBUG]   /home/ian/workspace/schemagen-maven/target/it-repo/org/slf4j/slf4j-log4j12/1.6.4/slf4j-log4j12-1.6.4.jar
[DEBUG]   /home/ian/workspace/schemagen-maven/target/it-repo/log4j/log4j/1.2.16/log4j-1.2.16.jar
[DEBUG] provider classpath classpath:
[DEBUG]   /home/ian/workspace/schemagen-maven/target/it-repo/org/apache/maven/surefire/surefire-junit3/2.10/surefire-junit3-2.10.jar
[DEBUG]   /home/ian/workspace/schemagen-maven/target/it-repo/org/apache/maven/surefire/surefire-api/2.10/surefire-api-2.10.jar

-------------------------------------------------------
 T E S T S
-------------------------------------------------------
Forking command line: /bin/sh -c cd /home/ian/workspace/schemagen-maven/src/it/schemagen-integration-3 && /usr/lib/jvm/java-7-openjdk-amd64/jre/bin/java -jar /home/ian/workspace/schemagen-maven/src/it/schemagen-integration-3/target/surefire/surefirebooter5694182745538788408.jar /home/ian/workspace/schemagen-maven/src/it/schemagen-integration-3/target/surefire/surefire2669069231955067113tmp /home/ian/workspace/schemagen-maven/src/it/schemagen-integration-3/target/surefire/surefire6479938085405905831tmp

Results :

Tests run: 0, Failures: 0, Errors: 0, Skipped: 0

[INFO] 
[INFO] --- maven-jar-plugin:2.3.2:jar (default-jar) @ schemagen-test ---
[DEBUG] org.apache.maven.plugins:maven-jar-plugin:jar:2.3.2:
[DEBUG]    org.apache.maven:maven-plugin-api:jar:2.0.6:compile
[DEBUG]    org.apache.maven:maven-project:jar:2.0.6:compile
[DEBUG]       org.apache.maven:maven-settings:jar:2.0.6:compile
[DEBUG]       org.apache.maven:maven-profile:jar:2.0.6:compile
[DEBUG]       org.apache.maven:maven-artifact-manager:jar:2.0.6:compile
[DEBUG]          org.apache.maven:maven-repository-metadata:jar:2.0.6:compile
[DEBUG]       org.apache.maven:maven-plugin-registry:jar:2.0.6:compile
[DEBUG]       org.codehaus.plexus:plexus-container-default:jar:1.0-alpha-9-stable-1:compile
[DEBUG]          junit:junit:jar:3.8.1:compile
[DEBUG]          classworlds:classworlds:jar:1.1-alpha-2:compile
[DEBUG]    org.apache.maven:maven-model:jar:2.0.6:runtime
[DEBUG]    org.apache.maven:maven-artifact:jar:2.0.6:compile
[DEBUG]    org.apache.maven:maven-archiver:jar:2.4.2:compile
[DEBUG]       org.codehaus.plexus:plexus-interpolation:jar:1.13:compile
[DEBUG]    org.codehaus.plexus:plexus-archiver:jar:2.0.1:compile
[DEBUG]       org.codehaus.plexus:plexus-io:jar:2.0.1:compile
[DEBUG]    commons-lang:commons-lang:jar:2.1:compile
[DEBUG]    org.codehaus.plexus:plexus-utils:jar:3.0:compile
[DEBUG] Created new class realm plugin>org.apache.maven.plugins:maven-jar-plugin:2.3.2
[DEBUG] Importing foreign packages into class realm plugin>org.apache.maven.plugins:maven-jar-plugin:2.3.2
[DEBUG]   Imported:  < maven.api
[DEBUG] Populating class realm plugin>org.apache.maven.plugins:maven-jar-plugin:2.3.2
[DEBUG]   Included: org.apache.maven.plugins:maven-jar-plugin:jar:2.3.2
[DEBUG]   Included: junit:junit:jar:3.8.1
[DEBUG]   Included: org.apache.maven:maven-archiver:jar:2.4.2
[DEBUG]   Included: org.codehaus.plexus:plexus-interpolation:jar:1.13
[DEBUG]   Included: org.codehaus.plexus:plexus-archiver:jar:2.0.1
[DEBUG]   Included: org.codehaus.plexus:plexus-io:jar:2.0.1
[DEBUG]   Included: commons-lang:commons-lang:jar:2.1
[DEBUG]   Included: org.codehaus.plexus:plexus-utils:jar:3.0
[DEBUG]   Excluded: org.apache.maven:maven-plugin-api:jar:2.0.6
[DEBUG]   Excluded: org.apache.maven:maven-project:jar:2.0.6
[DEBUG]   Excluded: org.apache.maven:maven-settings:jar:2.0.6
[DEBUG]   Excluded: org.apache.maven:maven-profile:jar:2.0.6
[DEBUG]   Excluded: org.apache.maven:maven-artifact-manager:jar:2.0.6
[DEBUG]   Excluded: org.apache.maven:maven-repository-metadata:jar:2.0.6
[DEBUG]   Excluded: org.apache.maven:maven-plugin-registry:jar:2.0.6
[DEBUG]   Excluded: org.codehaus.plexus:plexus-container-default:jar:1.0-alpha-9-stable-1
[DEBUG]   Excluded: classworlds:classworlds:jar:1.1-alpha-2
[DEBUG]   Excluded: org.apache.maven:maven-model:jar:2.0.6
[DEBUG]   Excluded: org.apache.maven:maven-artifact:jar:2.0.6
[DEBUG] Configuring mojo org.apache.maven.plugins:maven-jar-plugin:2.3.2:jar from plugin realm ClassRealm[plugin>org.apache.maven.plugins:maven-jar-plugin:2.3.2, parent: sun.misc.Launcher$AppClassLoader@78d9ab8]
[DEBUG] Configuring mojo 'org.apache.maven.plugins:maven-jar-plugin:2.3.2:jar' with basic configurator -->
[DEBUG]   (f) classesDirectory = /home/ian/workspace/schemagen-maven/src/it/schemagen-integration-3/target/classes
[DEBUG]   (f) defaultManifestFile = /home/ian/workspace/schemagen-maven/src/it/schemagen-integration-3/target/classes/META-INF/MANIFEST.MF
[DEBUG]   (f) finalName = schemagen-test-0.2-SNAPSHOT
[DEBUG]   (f) forceCreation = false
[DEBUG]   (f) outputDirectory = /home/ian/workspace/schemagen-maven/src/it/schemagen-integration-3/target
[DEBUG]   (f) project = MavenProject: org.openjena.tools:schemagen-test:0.2-SNAPSHOT @ /home/ian/workspace/schemagen-maven/src/it/schemagen-integration-3/interpolated-pom.xml
[DEBUG]   (f) useDefaultManifestFile = false
[DEBUG] -- end configuration --
[WARNING] JAR will be empty - no content was marked for inclusion!
[DEBUG] isUp2date: false (Destination /home/ian/workspace/schemagen-maven/src/it/schemagen-integration-3/target/schemagen-test-0.2-SNAPSHOT.jar not found.)
[INFO] Building jar: /home/ian/workspace/schemagen-maven/src/it/schemagen-integration-3/target/schemagen-test-0.2-SNAPSHOT.jar
[DEBUG] adding directory META-INF/
[DEBUG] adding entry META-INF/MANIFEST.MF
[DEBUG] adding directory META-INF/maven/
[DEBUG] adding directory META-INF/maven/org.openjena.tools/
[DEBUG] adding directory META-INF/maven/org.openjena.tools/schemagen-test/
[DEBUG] adding entry META-INF/maven/org.openjena.tools/schemagen-test/pom.xml
[DEBUG] adding entry META-INF/maven/org.openjena.tools/schemagen-test/pom.properties
[INFO] ------------------------------------------------------------------------
[INFO] BUILD SUCCESS
[INFO] ------------------------------------------------------------------------
[INFO] Total time: 1.904s
[INFO] Finished at: Wed Jan 30 10:19:35 GMT 2013
[INFO] Final Memory: 16M/213M
[INFO] ------------------------------------------------------------------------
Running post-build script: /home/ian/workspace/schemagen-maven/src/it/schemagen-integration-3/verify.bsh
Finished post-build script: /home/ian/workspace/schemagen-maven/src/it/schemagen-integration-3/verify.bsh
